{"level":"info","message":"Server running at http://localhost:3000","timestamp":"2025-07-26T22:37:27.526Z"}
{"extractId":"1b37c81bbabe8a6c515a947bdd644282","level":"info","message":"Extract launched","timestamp":"2025-07-26T22:37:28.645Z"}
{"extractId":"1b37c81bbabe8a6c515a947bdd644282","level":"info","message":"Flushing 10 records from queue","timestamp":"2025-07-26T22:37:28.654Z"}
{"extractId":"1b37c81bbabe8a6c515a947bdd644282","level":"info","message":"Flushing 10 records from queue","timestamp":"2025-07-26T22:37:28.672Z"}
{"extractId":"1b37c81bbabe8a6c515a947bdd644282","level":"info","message":"Cleaning up records from queue","timestamp":"2025-07-26T22:37:28.842Z"}
{"extractId":"1b37c81bbabe8a6c515a947bdd644282","level":"info","message":"Flushing 10 records from queue","timestamp":"2025-07-26T22:37:28.843Z"}
{"extractId":"1b37c81bbabe8a6c515a947bdd644282","level":"info","message":"Cleaning up records from queue","timestamp":"2025-07-26T22:37:28.844Z"}
{"extractId":"1b37c81bbabe8a6c515a947bdd644282","level":"info","message":"Extract completed!","timestamp":"2025-07-26T22:37:28.844Z"}
{"extractId":"1b37c81bbabe8a6c515a947bdd644282","level":"info","message":"Cleaning up records from queue","timestamp":"2025-07-26T22:37:28.848Z"}
{"extractId":"1b37c81bbabe8a6c515a947bdd644282","level":"info","message":"Flushing 10 records from queue","timestamp":"2025-07-26T22:37:28.848Z"}
{"extractId":"1b37c81bbabe8a6c515a947bdd644282","level":"info","message":"Cleaning up records from queue","timestamp":"2025-07-26T22:37:28.854Z"}
{"extractId":"1b37c81bbabe8a6c515a947bdd644282","level":"info","message":"Flushing 10 records from queue","timestamp":"2025-07-26T22:37:28.854Z"}
{"extractId":"1b37c81bbabe8a6c515a947bdd644282","level":"info","message":"Cleaning up records from queue","timestamp":"2025-07-26T22:37:28.860Z"}
{"extractId":"1b37c81bbabe8a6c515a947bdd644282","level":"info","message":"Flushing 10 records from queue","timestamp":"2025-07-26T22:37:28.861Z"}
{"extractId":"1b37c81bbabe8a6c515a947bdd644282","level":"info","message":"Cleaning up records from queue","timestamp":"2025-07-26T22:37:28.866Z"}
{"level":"info","message":"Server running at http://localhost:3000","timestamp":"2025-07-26T22:37:59.477Z"}
{"extractId":"e7d13e6d6ae5174ee34d8193f61e48da","level":"info","message":"Extract launched","timestamp":"2025-07-26T22:38:00.111Z"}
{"extractId":"e7d13e6d6ae5174ee34d8193f61e48da","level":"info","message":"Flushing 10 records from queue","timestamp":"2025-07-26T22:38:00.121Z"}
{"extractId":"e7d13e6d6ae5174ee34d8193f61e48da","level":"info","message":"Cleaning up records from queue","timestamp":"2025-07-26T22:38:00.302Z"}
{"extractId":"e7d13e6d6ae5174ee34d8193f61e48da","level":"info","message":"Flushing 10 records from queue","timestamp":"2025-07-26T22:38:00.302Z"}
{"extractId":"e7d13e6d6ae5174ee34d8193f61e48da","level":"info","message":"Cleaning up records from queue","timestamp":"2025-07-26T22:38:00.309Z"}
{"extractId":"e7d13e6d6ae5174ee34d8193f61e48da","level":"info","message":"Flushing 10 records from queue","timestamp":"2025-07-26T22:38:00.309Z"}
{"extractId":"e7d13e6d6ae5174ee34d8193f61e48da","level":"info","message":"Cleaning up records from queue","timestamp":"2025-07-26T22:38:00.315Z"}
{"extractId":"e7d13e6d6ae5174ee34d8193f61e48da","level":"info","message":"Flushing 10 records from queue","timestamp":"2025-07-26T22:38:00.315Z"}
{"extractId":"e7d13e6d6ae5174ee34d8193f61e48da","level":"info","message":"Cleaning up records from queue","timestamp":"2025-07-26T22:38:00.320Z"}
{"extractId":"e7d13e6d6ae5174ee34d8193f61e48da","level":"info","message":"Flushing 10 records from queue","timestamp":"2025-07-26T22:38:00.320Z"}
{"extractId":"e7d13e6d6ae5174ee34d8193f61e48da","level":"info","message":"Cleaning up records from queue","timestamp":"2025-07-26T22:38:00.326Z"}
{"level":"info","message":"Server running at http://localhost:3000","timestamp":"2025-07-26T22:42:20.612Z"}
{"extractId":"47266fd614dac992826253138f08f8b4","level":"info","message":"Extract launched","timestamp":"2025-07-26T22:42:21.345Z"}
{"extractId":"47266fd614dac992826253138f08f8b4","level":"info","message":"Flushing 10 records from queue","timestamp":"2025-07-26T22:42:21.361Z"}
{"extractId":"47266fd614dac992826253138f08f8b4","level":"info","message":"Cleaning up records from queue","timestamp":"2025-07-26T22:42:21.538Z"}
{"extractId":"47266fd614dac992826253138f08f8b4","level":"info","message":"Flushing 10 records from queue","timestamp":"2025-07-26T22:42:21.538Z"}
{"extractId":"47266fd614dac992826253138f08f8b4","level":"info","message":"Cleaning up records from queue","timestamp":"2025-07-26T22:42:21.546Z"}
{"extractId":"47266fd614dac992826253138f08f8b4","level":"info","message":"Flushing 10 records from queue","timestamp":"2025-07-26T22:42:21.546Z"}
{"extractId":"47266fd614dac992826253138f08f8b4","level":"info","message":"Cleaning up records from queue","timestamp":"2025-07-26T22:42:21.552Z"}
{"extractId":"47266fd614dac992826253138f08f8b4","level":"info","message":"Flushing 10 records from queue","timestamp":"2025-07-26T22:42:21.553Z"}
{"extractId":"47266fd614dac992826253138f08f8b4","level":"info","message":"Cleaning up records from queue","timestamp":"2025-07-26T22:42:21.558Z"}
{"extractId":"47266fd614dac992826253138f08f8b4","level":"info","message":"Flushing 10 records from queue","timestamp":"2025-07-26T22:42:21.558Z"}
{"extractId":"47266fd614dac992826253138f08f8b4","level":"info","message":"Cleaning up records from queue","timestamp":"2025-07-26T22:42:21.565Z"}
{"level":"info","message":"Server running at http://localhost:3000","timestamp":"2025-07-26T22:45:39.745Z"}
{"extractId":"b7320077d3e7046e71ade3c4736ea50a","level":"info","message":"Extract launched","timestamp":"2025-07-26T22:45:40.357Z"}
{"extractId":"b7320077d3e7046e71ade3c4736ea50a","level":"info","message":"Flushing 10 records from queue","timestamp":"2025-07-26T22:45:40.366Z"}
{"extractId":"b7320077d3e7046e71ade3c4736ea50a","level":"info","message":"Cleaning up records from queue","timestamp":"2025-07-26T22:45:40.539Z"}
{"extractId":"b7320077d3e7046e71ade3c4736ea50a","level":"info","message":"Flushing 10 records from queue","timestamp":"2025-07-26T22:45:40.540Z"}
{"extractId":"b7320077d3e7046e71ade3c4736ea50a","level":"info","message":"Cleaning up records from queue","timestamp":"2025-07-26T22:45:40.547Z"}
{"extractId":"b7320077d3e7046e71ade3c4736ea50a","level":"info","message":"Flushing 10 records from queue","timestamp":"2025-07-26T22:45:40.547Z"}
{"extractId":"b7320077d3e7046e71ade3c4736ea50a","level":"info","message":"Cleaning up records from queue","timestamp":"2025-07-26T22:45:40.552Z"}
{"extractId":"b7320077d3e7046e71ade3c4736ea50a","level":"info","message":"Flushing 10 records from queue","timestamp":"2025-07-26T22:45:40.553Z"}
{"extractId":"b7320077d3e7046e71ade3c4736ea50a","level":"info","message":"Cleaning up records from queue","timestamp":"2025-07-26T22:45:40.558Z"}
{"extractId":"b7320077d3e7046e71ade3c4736ea50a","level":"info","message":"Flushing 10 records from queue","timestamp":"2025-07-26T22:45:40.558Z"}
{"extractId":"b7320077d3e7046e71ade3c4736ea50a","level":"info","message":"Cleaning up records from queue","timestamp":"2025-07-26T22:45:40.564Z"}
{"level":"info","message":"Server running at http://localhost:3000","timestamp":"2025-07-26T22:46:20.794Z"}
{"extractId":"d63594461c359ff16930c6d77d981c52","level":"info","message":"Extract launched","timestamp":"2025-07-26T22:46:21.277Z"}
{"level":"info","message":"Stream resumed","timestamp":"2025-07-26T22:46:21.280Z"}
{"extractId":"d63594461c359ff16930c6d77d981c52","level":"info","message":"Flushing 10 records from queue","timestamp":"2025-07-26T22:46:21.287Z"}
{"extractId":"d63594461c359ff16930c6d77d981c52","level":"info","message":"Cleaning up records from queue","timestamp":"2025-07-26T22:46:21.463Z"}
{"level":"info","message":"Stream resumed","timestamp":"2025-07-26T22:46:21.463Z"}
{"extractId":"d63594461c359ff16930c6d77d981c52","level":"info","message":"Flushing 10 records from queue","timestamp":"2025-07-26T22:46:21.464Z"}
{"extractId":"d63594461c359ff16930c6d77d981c52","level":"info","message":"Cleaning up records from queue","timestamp":"2025-07-26T22:46:21.470Z"}
{"level":"info","message":"Stream resumed","timestamp":"2025-07-26T22:46:21.470Z"}
{"extractId":"d63594461c359ff16930c6d77d981c52","level":"info","message":"Flushing 10 records from queue","timestamp":"2025-07-26T22:46:21.471Z"}
{"extractId":"d63594461c359ff16930c6d77d981c52","level":"info","message":"Cleaning up records from queue","timestamp":"2025-07-26T22:46:21.476Z"}
{"level":"info","message":"Stream resumed","timestamp":"2025-07-26T22:46:21.476Z"}
{"extractId":"d63594461c359ff16930c6d77d981c52","level":"info","message":"Flushing 10 records from queue","timestamp":"2025-07-26T22:46:21.477Z"}
{"extractId":"d63594461c359ff16930c6d77d981c52","level":"info","message":"Cleaning up records from queue","timestamp":"2025-07-26T22:46:21.482Z"}
{"level":"info","message":"Stream resumed","timestamp":"2025-07-26T22:46:21.482Z"}
{"extractId":"d63594461c359ff16930c6d77d981c52","level":"info","message":"Flushing 10 records from queue","timestamp":"2025-07-26T22:46:21.482Z"}
{"extractId":"d63594461c359ff16930c6d77d981c52","level":"info","message":"Cleaning up records from queue","timestamp":"2025-07-26T22:46:21.488Z"}
{"level":"info","message":"Stream resumed","timestamp":"2025-07-26T22:46:21.488Z"}
{"level":"info","message":"Stream complete","timestamp":"2025-07-26T22:46:21.488Z"}
{"level":"info","message":"Server running at http://localhost:3000","timestamp":"2025-07-26T22:47:11.270Z"}
{"extractId":"9053db6a6111db72cf58936d56358e64","level":"info","message":"Extract launched","timestamp":"2025-07-26T22:47:12.487Z"}
{"extractId":"9053db6a6111db72cf58936d56358e64","level":"info","message":"Flushing 10 records from queue","timestamp":"2025-07-26T22:47:12.496Z"}
{"extractId":"9053db6a6111db72cf58936d56358e64","level":"info","message":"Cleaning up records from queue","timestamp":"2025-07-26T22:47:12.673Z"}
{"extractId":"9053db6a6111db72cf58936d56358e64","level":"info","message":"Flushing 10 records from queue","timestamp":"2025-07-26T22:47:12.674Z"}
{"extractId":"9053db6a6111db72cf58936d56358e64","level":"info","message":"Cleaning up records from queue","timestamp":"2025-07-26T22:47:12.680Z"}
{"extractId":"9053db6a6111db72cf58936d56358e64","level":"info","message":"Flushing 10 records from queue","timestamp":"2025-07-26T22:47:12.680Z"}
{"extractId":"9053db6a6111db72cf58936d56358e64","level":"info","message":"Cleaning up records from queue","timestamp":"2025-07-26T22:47:12.686Z"}
{"extractId":"9053db6a6111db72cf58936d56358e64","level":"info","message":"Flushing 10 records from queue","timestamp":"2025-07-26T22:47:12.686Z"}
{"extractId":"9053db6a6111db72cf58936d56358e64","level":"info","message":"Cleaning up records from queue","timestamp":"2025-07-26T22:47:12.692Z"}
{"extractId":"9053db6a6111db72cf58936d56358e64","level":"info","message":"Flushing 10 records from queue","timestamp":"2025-07-26T22:47:12.692Z"}
{"extractId":"9053db6a6111db72cf58936d56358e64","level":"info","message":"Cleaning up records from queue","timestamp":"2025-07-26T22:47:12.698Z"}
{"extractId":"9053db6a6111db72cf58936d56358e64","level":"info","message":"Flushing 1 records from queue","timestamp":"2025-07-26T22:47:12.698Z"}
{"extractId":"9053db6a6111db72cf58936d56358e64","level":"info","message":"Cleaning up records from queue","timestamp":"2025-07-26T22:47:12.703Z"}
{"extractId":"9053db6a6111db72cf58936d56358e64","level":"info","message":"Extract completed!","timestamp":"2025-07-26T22:47:12.703Z"}
{"extractId":"6423ea7306e639ce0d1973fad80a7347","level":"info","message":"Extract launched","timestamp":"2025-07-26T22:47:23.525Z"}
{"extractId":"6423ea7306e639ce0d1973fad80a7347","level":"info","message":"Flushing 10 records from queue","timestamp":"2025-07-26T22:47:23.529Z"}
{"extractId":"6423ea7306e639ce0d1973fad80a7347","level":"info","message":"Cleaning up records from queue","timestamp":"2025-07-26T22:47:23.538Z"}
{"extractId":"6423ea7306e639ce0d1973fad80a7347","level":"info","message":"Flushing 10 records from queue","timestamp":"2025-07-26T22:47:23.538Z"}
{"extractId":"6423ea7306e639ce0d1973fad80a7347","level":"info","message":"Cleaning up records from queue","timestamp":"2025-07-26T22:47:23.544Z"}
{"extractId":"6423ea7306e639ce0d1973fad80a7347","level":"info","message":"Flushing 10 records from queue","timestamp":"2025-07-26T22:47:23.544Z"}
{"extractId":"6423ea7306e639ce0d1973fad80a7347","level":"info","message":"Cleaning up records from queue","timestamp":"2025-07-26T22:47:23.550Z"}
{"extractId":"6423ea7306e639ce0d1973fad80a7347","level":"info","message":"Flushing 10 records from queue","timestamp":"2025-07-26T22:47:23.550Z"}
{"extractId":"6423ea7306e639ce0d1973fad80a7347","level":"info","message":"Cleaning up records from queue","timestamp":"2025-07-26T22:47:23.554Z"}
{"extractId":"6423ea7306e639ce0d1973fad80a7347","level":"info","message":"Flushing 10 records from queue","timestamp":"2025-07-26T22:47:23.554Z"}
{"extractId":"6423ea7306e639ce0d1973fad80a7347","level":"info","message":"Cleaning up records from queue","timestamp":"2025-07-26T22:47:23.559Z"}
{"extractId":"6423ea7306e639ce0d1973fad80a7347","level":"info","message":"Flushing 1 records from queue","timestamp":"2025-07-26T22:47:23.560Z"}
{"extractId":"6423ea7306e639ce0d1973fad80a7347","level":"info","message":"Cleaning up records from queue","timestamp":"2025-07-26T22:47:23.564Z"}
{"extractId":"6423ea7306e639ce0d1973fad80a7347","level":"info","message":"Extract completed!","timestamp":"2025-07-26T22:47:23.564Z"}
{"extractId":"26cb12f8e91bfd822c8e5351182f7593","level":"info","message":"Extract launched","timestamp":"2025-07-26T22:47:27.082Z"}
{"extractId":"26cb12f8e91bfd822c8e5351182f7593","level":"info","message":"Flushing 10 records from queue","timestamp":"2025-07-26T22:47:27.085Z"}
{"extractId":"26cb12f8e91bfd822c8e5351182f7593","level":"info","message":"Cleaning up records from queue","timestamp":"2025-07-26T22:47:27.091Z"}
{"extractId":"26cb12f8e91bfd822c8e5351182f7593","level":"info","message":"Flushing 10 records from queue","timestamp":"2025-07-26T22:47:27.092Z"}
{"extractId":"26cb12f8e91bfd822c8e5351182f7593","level":"info","message":"Cleaning up records from queue","timestamp":"2025-07-26T22:47:27.097Z"}
{"extractId":"26cb12f8e91bfd822c8e5351182f7593","level":"info","message":"Flushing 10 records from queue","timestamp":"2025-07-26T22:47:27.097Z"}
{"extractId":"26cb12f8e91bfd822c8e5351182f7593","level":"info","message":"Cleaning up records from queue","timestamp":"2025-07-26T22:47:27.102Z"}
{"extractId":"26cb12f8e91bfd822c8e5351182f7593","level":"info","message":"Flushing 10 records from queue","timestamp":"2025-07-26T22:47:27.102Z"}
{"extractId":"26cb12f8e91bfd822c8e5351182f7593","level":"info","message":"Cleaning up records from queue","timestamp":"2025-07-26T22:47:27.107Z"}
{"extractId":"26cb12f8e91bfd822c8e5351182f7593","level":"info","message":"Flushing 10 records from queue","timestamp":"2025-07-26T22:47:27.108Z"}
{"extractId":"26cb12f8e91bfd822c8e5351182f7593","level":"info","message":"Cleaning up records from queue","timestamp":"2025-07-26T22:47:27.112Z"}
{"extractId":"26cb12f8e91bfd822c8e5351182f7593","level":"info","message":"Flushing 1 records from queue","timestamp":"2025-07-26T22:47:27.112Z"}
{"extractId":"26cb12f8e91bfd822c8e5351182f7593","level":"info","message":"Cleaning up records from queue","timestamp":"2025-07-26T22:47:27.116Z"}
{"extractId":"26cb12f8e91bfd822c8e5351182f7593","level":"info","message":"Extract completed!","timestamp":"2025-07-26T22:47:27.116Z"}
{"level":"info","message":"Server running at http://localhost:3000","timestamp":"2025-07-26T22:48:49.158Z"}
{"extractId":"be72ac51dc55ac89bf173eff1aa0f768","level":"info","message":"Extract launched","timestamp":"2025-07-26T22:48:50.768Z"}
{"extractId":"be72ac51dc55ac89bf173eff1aa0f768","level":"info","message":"Flushing 10 records from queue","timestamp":"2025-07-26T22:48:50.778Z"}
{"extractId":"be72ac51dc55ac89bf173eff1aa0f768","level":"info","message":"Flushing 10 records from queue","timestamp":"2025-07-26T22:48:50.958Z"}
{"extractId":"be72ac51dc55ac89bf173eff1aa0f768","level":"info","message":"Flushing 10 records from queue","timestamp":"2025-07-26T22:48:50.965Z"}
{"extractId":"be72ac51dc55ac89bf173eff1aa0f768","level":"info","message":"Flushing 10 records from queue","timestamp":"2025-07-26T22:48:50.970Z"}
{"extractId":"be72ac51dc55ac89bf173eff1aa0f768","level":"info","message":"Flushing 10 records from queue","timestamp":"2025-07-26T22:48:50.975Z"}
{"extractId":"be72ac51dc55ac89bf173eff1aa0f768","level":"info","message":"Flushing 1 records from queue","timestamp":"2025-07-26T22:48:50.981Z"}
{"extractId":"be72ac51dc55ac89bf173eff1aa0f768","level":"info","message":"Extract completed!","timestamp":"2025-07-26T22:48:50.986Z"}
{"level":"info","message":"Server running at http://localhost:3000","timestamp":"2025-07-26T22:50:11.622Z"}
{"extractId":"9a1436dff30889f23e7f80fbf85ebf13","level":"info","message":"Extract launched","timestamp":"2025-07-26T22:50:12.401Z"}
{"extractId":"9a1436dff30889f23e7f80fbf85ebf13","level":"info","message":"Flushing 10 records from queue","timestamp":"2025-07-26T22:50:12.411Z"}
{"extractId":"9a1436dff30889f23e7f80fbf85ebf13","level":"info","message":"Flushing 10 records from queue","timestamp":"2025-07-26T22:50:12.587Z"}
{"extractId":"9a1436dff30889f23e7f80fbf85ebf13","level":"info","message":"Flushing 10 records from queue","timestamp":"2025-07-26T22:50:12.594Z"}
{"extractId":"9a1436dff30889f23e7f80fbf85ebf13","level":"info","message":"Flushing 10 records from queue","timestamp":"2025-07-26T22:50:12.600Z"}
{"extractId":"9a1436dff30889f23e7f80fbf85ebf13","level":"info","message":"Flushing 10 records from queue","timestamp":"2025-07-26T22:50:12.604Z"}
{"extractId":"9a1436dff30889f23e7f80fbf85ebf13","level":"info","message":"Flushing 1 records from queue","timestamp":"2025-07-26T22:50:12.610Z"}
{"extractId":"9a1436dff30889f23e7f80fbf85ebf13","level":"info","message":"Extract completed! Processed 51 records.","timestamp":"2025-07-26T22:50:12.615Z"}
